android/app/mapping.txt
# compiler: R8
# compiler_version: 3.3.83
# min_api: 21
# common_typos_disable
# {"id":"com.android.tools.r8.mapping","version":"2.0"}
# pg_map_id: 4c8abe8
# pg_map_hash: SHA-256 4c8abe8c75efca0e2c670f19b438becd7e89ab7e6f2c3ee7ca7a54671f322ffe
com.banking.BankingAppPackage -> com.banking.BankingAppPackage:
    14:14:void <init>() -> <init>
    23:25:java.util.List createNativeModules(com.facebook.react.bridge.ReactApplicationContext) -> createNativeModules
    17:17:java.util.List createViewManagers(com.facebook.react.bridge.ReactApplicationContext) -> createViewManagers
com.banking.MainActivity -> com.banking.MainActivity:
    5:5:void <init>() -> <init>
com.banking.MainApplication -> com.banking.MainApplication:
    14:16:void <init>() -> <init>
    41:41:com.facebook.react.ReactNativeHost getReactNativeHost() -> getReactNativeHost
    46:48:void onCreate() -> onCreate
com.banking.MainApplication$1 -> com.banking.MainApplication$1:
    17:17:void <init>(com.banking.MainApplication,android.app.Application) -> <init>
    26:29:java.util.List getPackages() -> getPackages
com.banking.unico.UnicoCheckModule -> com.banking.unico.UnicoCheckModule:
    41:44:void <clinit>() -> <clinit>
    61:62:void <init>(com.facebook.react.bridge.ReactApplicationContext) -> <init>
    38:38:void access$000(com.banking.unico.UnicoCheckModule,boolean) -> access$000
    38:38:com.banking.unico.UnicoConfigLiveness access$100() -> access$100
    38:38:android.app.Activity access$200(com.banking.unico.UnicoCheckModule) -> access$200
    38:38:com.acesso.acessobio_android.onboarding.camera.UnicoCheckCamera access$300(com.banking.unico.UnicoCheckModule) -> access$300
    38:38:com.banking.unico.UnicoConfigDefault access$400() -> access$400
    38:38:android.app.Activity access$500(com.banking.unico.UnicoCheckModule) -> access$500
    38:38:android.app.Activity access$600(com.banking.unico.UnicoCheckModule) -> access$600
    38:38:android.app.Activity access$700(com.banking.unico.UnicoCheckModule) -> access$700
    38:38:android.app.Activity access$800(com.banking.unico.UnicoCheckModule) -> access$800
    38:38:android.app.Activity access$900(com.banking.unico.UnicoCheckModule) -> access$900
    124:125:void build(boolean) -> build
    100:100:void callCnhBackCamera() -> callCnhBackCamera
    94:94:void callCnhFrontCamera() -> callCnhFrontCamera
    88:88:void callLivenessCamera() -> callLivenessCamera
    118:118:void callOtherDocumentCamera() -> callOtherDocumentCamera
    112:112:void callRgBackCamera() -> callRgBackCamera
com.banking.unico.UnicoCheckModule$1 -> com.banking.unico.UnicoCheckModule$1:
    132:132:void <init>(com.banking.unico.UnicoCheckModule,com.banking.unico.UnicoCheckModule$CameraMode) -> <init>
    135:202:void run() -> run
com.banking.unico.UnicoCheckModule$1$1 -> com.banking.unico.UnicoCheckModule$1$1:
    137:137:void <init>(com.banking.unico.UnicoCheckModule$1) -> <init>
    145:145:void onCameraFailed(java.lang.String) -> onCameraFailed
    140:140:void onCameraReady(com.acesso.acessobio_android.onboarding.camera.UnicoCheckCameraOpener$Camera) -> onCameraReady
com.banking.unico.UnicoCheckModule$1$2 -> com.banking.unico.UnicoCheckModule$1$2:
    150:150:void <init>(com.banking.unico.UnicoCheckModule$1) -> <init>
    158:158:void onCameraFailed(java.lang.String) -> onCameraFailed
    153:153:void onCameraReady(com.acesso.acessobio_android.onboarding.camera.UnicoCheckCameraOpener$Document) -> onCameraReady
com.banking.unico.UnicoCheckModule$1$3 -> com.banking.unico.UnicoCheckModule$1$3:
    163:163:void <init>(com.banking.unico.UnicoCheckModule$1) -> <init>
    171:171:void onCameraFailed(java.lang.String) -> onCameraFailed
    166:166:void onCameraReady(com.acesso.acessobio_android.onboarding.camera.UnicoCheckCameraOpener$Document) -> onCameraReady
com.banking.unico.UnicoCheckModule$1$4 -> com.banking.unico.UnicoCheckModule$1$4:
    176:176:void <init>(com.banking.unico.UnicoCheckModule$1) -> <init>
    184:184:void onCameraFailed(java.lang.String) -> onCameraFailed
    179:179:void onCameraReady(com.acesso.acessobio_android.onboarding.camera.UnicoCheckCameraOpener$Document) -> onCameraReady
...
com.facebook.yoga.YogaJustify -> com.facebook.yoga.YogaJustify:
    10:16:void <clinit>() -> <clinit>
    20:21:void <init>(java.lang.String,int,int) -> <init>
    25:25:int intValue() -> intValue
    10:10:com.facebook.yoga.YogaJustify valueOf(java.lang.String) -> valueOf
    10:10:com.facebook.yoga.YogaJustify[] values() -> values
com.facebook.yoga.YogaLogLevel -> com.facebook.yoga.YogaLogLevel:
    12:19:void <clinit>() -> <clinit>
    23:24:void <init>(java.lang.String,int,int) -> <init>
    34:40:com.facebook.yoga.YogaLogLevel fromInt(int) -> fromInt
    12:12:com.facebook.yoga.YogaLogLevel valueOf(java.lang.String) -> valueOf
    12:12:com.facebook.yoga.YogaLogLevel[] values() -> values
com.facebook.yoga.YogaMeasureMode -> com.facebook.yoga.YogaMeasureMode:
    10:13:void <clinit>() -> <clinit>
    17:18:void <init>(java.lang.String,int,int) -> <init>
    27:30:com.facebook.yoga.YogaMeasureMode fromInt(int) -> fromInt
    10:10:com.facebook.yoga.YogaMeasureMode valueOf(java.lang.String) -> valueOf
    10:10:com.facebook.yoga.YogaMeasureMode[] values() -> values
com.facebook.yoga.YogaMeasureOutput -> com.facebook.yoga.YogaMeasureOutput:
    16:17:long make(float,float) -> make
    22:22:long make(int,int) -> make
com.facebook.yoga.YogaNative -> com.facebook.yoga.YogaNative:
    16:16:void <clinit>() -> <clinit>
    14:14:void <init>() -> <init>
com.facebook.yoga.YogaNode -> com.facebook.yoga.YogaNode:
    12:12:void <init>() -> <init>
com.facebook.yoga.YogaNodeFactory -> com.facebook.yoga.YogaNodeFactory:
    16:16:com.facebook.yoga.YogaNode create(com.facebook.yoga.YogaConfig) -> create
com.facebook.yoga.YogaNodeJNIBase -> com.facebook.yoga.YogaNodeJNIBase:
    42:52:void <init>(long) -> <init>
    56:56:void <init>() -> <init>
    60:60:void <init>(com.facebook.yoga.YogaConfig) -> <init>
    86:99:void addChildAt(com.facebook.yoga.YogaNode,int) -> addChildAt
    538:538:float baseline(float,float) -> baseline
    200:221:void calculateLayout(float,float) -> calculateLayout
    232:232:void dirty() -> dirty
    225:227:void freeze(com.facebook.yoga.YogaNode) -> freeze
    556:556:java.lang.Object getData() -> getData
    436:436:com.facebook.yoga.YogaValue getHeight() -> getHeight
    708:708:com.facebook.yoga.YogaDirection getLayoutDirection() -> getLayoutDirection
    606:606:float getLayoutHeight() -> getLayoutHeight
    645:667:float getLayoutPadding(com.facebook.yoga.YogaEdge) -> getLayoutPadding
    601:601:float getLayoutWidth() -> getLayoutWidth
    591:591:float getLayoutX() -> getLayoutX
    596:596:float getLayoutY() -> getLayoutY
    420:420:com.facebook.yoga.YogaValue getWidth() -> getWidth
    714:717:boolean hasNewLayout() -> hasNewLayout
    240:240:boolean isDirty() -> isDirty
    542:542:boolean isMeasureDefined() -> isMeasureDefined
    723:726:void markLayoutSeen() -> markLayoutSeen
    519:528:long measure(float,int,float,int) -> measure
    15:15:com.facebook.yoga.YogaNode removeChildAt(int) -> removeChildAt
    163:169:com.facebook.yoga.YogaNodeJNIBase removeChildAt(int) -> removeChildAt
com.facebook.yoga.YogaNodeJNIBase$1 -> com.facebook.yoga.YogaNodeJNIBase$1:
    618:618:void <clinit>() -> <clinit>
com.facebook.yoga.YogaNodeJNIFinalizer -> com.facebook.yoga.YogaNodeJNIFinalizer:
    16:16:void <init>(com.facebook.yoga.YogaConfig) -> <init>
    22:25:void finalize() -> finalize
    29:32:void freeNatives() -> freeNatives
com.facebook.yoga.YogaOverflow -> com.facebook.yoga.YogaOverflow:
    10:13:void <clinit>() -> <clinit>
    17:18:void <init>(java.lang.String,int,int) -> <init>
    22:22:int intValue() -> intValue
    10:10:com.facebook.yoga.YogaOverflow valueOf(java.lang.String) -> valueOf
    10:10:com.facebook.yoga.YogaOverflow[] values() -> values